0 verbose cli C:\Program Files\nodejs\node.exe C:\Users\ihebc\AppData\Roaming\npm\node_modules\npm\bin\npm-cli.js
1 info using npm@10.5.2
2 info using node@v20.12.2
3 timing npm:load:whichnode Completed in 2ms
4 timing config:load:defaults Completed in 1ms
5 timing config:load:file:C:\Users\ihebc\AppData\Roaming\npm\node_modules\npm\npmrc Completed in 3ms
6 timing config:load:builtin Completed in 3ms
7 timing config:load:cli Completed in 2ms
8 timing config:load:env Completed in 0ms
9 timing config:load:file:C:\BabySitterApp - Copy\.npmrc Completed in 0ms
10 timing config:load:project Completed in 1ms
11 timing config:load:file:C:\Users\ihebc\.npmrc Completed in 1ms
12 timing config:load:user Completed in 1ms
13 timing config:load:file:C:\Users\ihebc\AppData\Roaming\npm\etc\npmrc Completed in 1ms
14 timing config:load:global Completed in 1ms
15 timing config:load:setEnvs Completed in 0ms
16 timing config:load Completed in 10ms
17 timing npm:load:configload Completed in 10ms
18 timing config:load:flatten Completed in 2ms
19 timing npm:load:mkdirpcache Completed in 1ms
20 timing npm:load:mkdirplogs Completed in 0ms
21 verbose title npm install
22 verbose argv "install"
23 timing npm:load:setTitle Completed in 1ms
24 timing npm:load:display Completed in 0ms
25 verbose logfile logs-max:10 dir:C:\BabySitterApp - Copy\clean\_logs\2024-04-23T17_20_09_395Z-
26 verbose logfile C:\BabySitterApp - Copy\clean\_logs\2024-04-23T17_20_09_395Z-debug-0.log
27 timing npm:load:logFile Completed in 3ms
28 timing npm:load:timers Completed in 0ms
29 timing npm:load:configScope Completed in 1ms
30 timing npm:load Completed in 43ms
31 timing arborist:ctor Completed in 1ms
32 silly logfile done cleaning log files
33 timing idealTree:init Completed in 546ms
34 timing idealTree:userRequests Completed in 0ms
35 silly idealTree buildDeps
36 timing idealTree:#root Completed in 1ms
37 timing idealTree:buildDeps Completed in 3ms
38 timing idealTree:fixDepFlags Completed in 1ms
39 timing idealTree Completed in 560ms
40 verbose shrinkwrap failed to load node_modules/.package-lock.json out of date, updated: node_modules
41 timing reify:loadTrees Completed in 1101ms
42 timing reify:diffTrees Completed in 74ms
43 silly reify mark retired [
43 silly reify   'C:\\BabySitterApp - Copy\\node_modules\\react-native-gesture-handler'
43 silly reify ]
44 silly reify mark retired [ 'C:\\BabySitterApp - Copy\\node_modules\\@egjs\\hammerjs' ]
45 silly reify mark retired [ 'C:\\BabySitterApp - Copy\\node_modules\\@types\\hammerjs' ]
46 silly reify moves {
46 silly reify   'C:\\BabySitterApp - Copy\\node_modules\\react-native-gesture-handler': 'C:\\BabySitterApp - Copy\\node_modules\\.react-native-gesture-handler-7l9iQBCW',
46 silly reify   'C:\\BabySitterApp - Copy\\node_modules\\@egjs\\hammerjs': 'C:\\BabySitterApp - Copy\\node_modules\\@egjs\\.hammerjs-HLzVk3dS',
46 silly reify   'C:\\BabySitterApp - Copy\\node_modules\\@types\\hammerjs': 'C:\\BabySitterApp - Copy\\node_modules\\@types\\.hammerjs-aG3uMtCv'
46 silly reify }
47 timing reify:retireShallow Completed in 15ms
48 timing reify:createSparse Completed in 2ms
49 timing reify:loadBundles Completed in 0ms
50 silly audit bulk request {
50 silly audit   '@ampproject/remapping': [ '2.3.0' ],
50 silly audit   '@babel/code-frame': [ '7.23.5', '7.10.4' ],
50 silly audit   '@babel/compat-data': [ '7.23.5' ],
50 silly audit   '@babel/core': [ '7.24.0' ],
50 silly audit   '@babel/generator': [ '7.23.6' ],
50 silly audit   '@babel/helper-annotate-as-pure': [ '7.22.5' ],
50 silly audit   '@babel/helper-builder-binary-assignment-operator-visitor': [ '7.22.15' ],
50 silly audit   '@babel/helper-compilation-targets': [ '7.23.6' ],
50 silly audit   '@babel/helper-create-class-features-plugin': [ '7.24.4' ],
50 silly audit   '@babel/helper-create-regexp-features-plugin': [ '7.22.15' ],
50 silly audit   '@babel/helper-define-polyfill-provider': [ '0.5.0' ],
50 silly audit   '@babel/helper-environment-visitor': [ '7.22.20' ],
50 silly audit   '@babel/helper-function-name': [ '7.23.0' ],
50 silly audit   '@babel/helper-hoist-variables': [ '7.22.5' ],
50 silly audit   '@babel/helper-member-expression-to-functions': [ '7.23.0' ],
50 silly audit   '@babel/helper-module-imports': [ '7.22.15' ],
50 silly audit   '@babel/helper-module-transforms': [ '7.23.3' ],
50 silly audit   '@babel/helper-optimise-call-expression': [ '7.22.5' ],
50 silly audit   '@babel/helper-plugin-utils': [ '7.24.0' ],
50 silly audit   '@babel/helper-remap-async-to-generator': [ '7.22.20' ],
50 silly audit   '@babel/helper-replace-supers': [ '7.24.1' ],
50 silly audit   '@babel/helper-simple-access': [ '7.22.5' ],
50 silly audit   '@babel/helper-skip-transparent-expression-wrappers': [ '7.22.5' ],
50 silly audit   '@babel/helper-split-export-declaration': [ '7.22.6' ],
50 silly audit   '@babel/helper-string-parser': [ '7.23.4' ],
50 silly audit   '@babel/helper-validator-identifier': [ '7.22.20' ],
50 silly audit   '@babel/helper-validator-option': [ '7.23.5' ],
50 silly audit   '@babel/helper-wrap-function': [ '7.22.20' ],
50 silly audit   '@babel/helpers': [ '7.24.0' ],
50 silly audit   '@babel/highlight': [ '7.23.4' ],
50 silly audit   '@babel/parser': [ '7.24.0' ],
50 silly audit   '@babel/plugin-bugfix-safari-id-destructuring-collision-in-function-expression': [ '7.23.3' ],
50 silly audit   '@babel/plugin-bugfix-v8-spread-parameters-in-optional-chaining': [ '7.23.3' ],
50 silly audit   '@babel/plugin-bugfix-v8-static-class-fields-redefine-readonly': [ '7.23.7' ],
50 silly audit   '@babel/plugin-proposal-async-generator-functions': [ '7.20.7' ],
50 silly audit   '@babel/plugin-proposal-class-properties': [ '7.18.6' ],
50 silly audit   '@babel/plugin-proposal-decorators': [ '7.24.1' ],
50 silly audit   '@babel/plugin-proposal-export-default-from': [ '7.23.3' ],
50 silly audit   '@babel/plugin-proposal-nullish-coalescing-operator': [ '7.18.6' ],
50 silly audit   '@babel/plugin-proposal-numeric-separator': [ '7.18.6' ],
50 silly audit   '@babel/plugin-proposal-object-rest-spread': [ '7.20.7' ],
50 silly audit   '@babel/plugin-proposal-optional-catch-binding': [ '7.18.6' ],
50 silly audit   '@babel/plugin-proposal-optional-chaining': [ '7.21.0' ],
50 silly audit   '@babel/plugin-proposal-private-property-in-object': [ '7.21.0-placeholder-for-preset-env.2' ],
50 silly audit   '@babel/plugin-syntax-async-generators': [ '7.8.4' ],
50 silly audit   '@babel/plugin-syntax-class-properties': [ '7.12.13' ],
50 silly audit   '@babel/plugin-syntax-class-static-block': [ '7.14.5' ],
50 silly audit   '@babel/plugin-syntax-decorators': [ '7.24.1' ],
50 silly audit   '@babel/plugin-syntax-dynamic-import': [ '7.8.3' ],
50 silly audit   '@babel/plugin-syntax-export-default-from': [ '7.23.3' ],
50 silly audit   '@babel/plugin-syntax-export-namespace-from': [ '7.8.3' ],
50 silly audit   '@babel/plugin-syntax-flow': [ '7.23.3' ],
50 silly audit   '@babel/plugin-syntax-import-assertions': [ '7.23.3' ],
50 silly audit   '@babel/plugin-syntax-import-attributes': [ '7.23.3' ],
50 silly audit   '@babel/plugin-syntax-import-meta': [ '7.10.4' ],
50 silly audit   '@babel/plugin-syntax-json-strings': [ '7.8.3' ],
50 silly audit   '@babel/plugin-syntax-jsx': [ '7.23.3' ],
50 silly audit   '@babel/plugin-syntax-logical-assignment-operators': [ '7.10.4' ],
50 silly audit   '@babel/plugin-syntax-nullish-coalescing-operator': [ '7.8.3' ],
50 silly audit   '@babel/plugin-syntax-numeric-separator': [ '7.10.4' ],
50 silly audit   '@babel/plugin-syntax-object-rest-spread': [ '7.8.3' ],
50 silly audit   '@babel/plugin-syntax-optional-catch-binding': [ '7.8.3' ],
50 silly audit   '@babel/plugin-syntax-optional-chaining': [ '7.8.3' ],
50 silly audit   '@babel/plugin-syntax-private-property-in-object': [ '7.14.5' ],
50 silly audit   '@babel/plugin-syntax-top-level-await': [ '7.14.5' ],
50 silly audit   '@babel/plugin-syntax-typescript': [ '7.23.3' ],
50 silly audit   '@babel/plugin-syntax-unicode-sets-regex': [ '7.18.6' ],
50 silly audit   '@babel/plugin-transform-arrow-functions': [ '7.23.3' ],
50 silly audit   '@babel/plugin-transform-async-generator-functions': [ '7.23.9' ],
50 silly audit   '@babel/plugin-transform-async-to-generator': [ '7.23.3' ],
50 silly audit   '@babel/plugin-transform-block-scoped-functions': [ '7.23.3' ],
50 silly audit   '@babel/plugin-transform-block-scoping': [ '7.23.4' ],
50 silly audit   '@babel/plugin-transform-class-properties': [ '7.23.3' ],
50 silly audit   '@babel/plugin-transform-class-static-block': [ '7.23.4' ],
50 silly audit   '@babel/plugin-transform-classes': [ '7.23.8' ],
50 silly audit   '@babel/plugin-transform-computed-properties': [ '7.23.3' ],
50 silly audit   '@babel/plugin-transform-destructuring': [ '7.23.3' ],
50 silly audit   '@babel/plugin-transform-dotall-regex': [ '7.23.3' ],
50 silly audit   '@babel/plugin-transform-duplicate-keys': [ '7.23.3' ],
50 silly audit   '@babel/plugin-transform-dynamic-import': [ '7.23.4' ],
50 silly audit   '@babel/plugin-transform-exponentiation-operator': [ '7.23.3' ],
50 silly audit   '@babel/plugin-transform-export-namespace-from': [ '7.23.4' ],
50 silly audit   '@babel/plugin-transform-flow-strip-types': [ '7.23.3' ],
50 silly audit   '@babel/plugin-transform-for-of': [ '7.23.6' ],
50 silly audit   '@babel/plugin-transform-function-name': [ '7.23.3' ],
50 silly audit   '@babel/plugin-transform-json-strings': [ '7.23.4' ],
50 silly audit   '@babel/plugin-transform-literals': [ '7.23.3' ],
50 silly audit   '@babel/plugin-transform-logical-assignment-operators': [ '7.23.4' ],
50 silly audit   '@babel/plugin-transform-member-expression-literals': [ '7.23.3' ],
50 silly audit   '@babel/plugin-transform-modules-amd': [ '7.23.3' ],
50 silly audit   '@babel/plugin-transform-modules-commonjs': [ '7.23.3' ],
50 silly audit   '@babel/plugin-transform-modules-systemjs': [ '7.23.9' ],
50 silly audit   '@babel/plugin-transform-modules-umd': [ '7.23.3' ],
50 silly audit   '@babel/plugin-transform-named-capturing-groups-regex': [ '7.22.5' ],
50 silly audit   '@babel/plugin-transform-new-target': [ '7.23.3' ],
50 silly audit   '@babel/plugin-transform-nullish-coalescing-operator': [ '7.23.4' ],
50 silly audit   '@babel/plugin-transform-numeric-separator': [ '7.23.4' ],
50 silly audit   '@babel/plugin-transform-object-rest-spread': [ '7.24.0' ],
50 silly audit   '@babel/plugin-transform-object-super': [ '7.23.3' ],
50 silly audit   '@babel/plugin-transform-optional-catch-binding': [ '7.23.4' ],
50 silly audit   '@babel/plugin-transform-optional-chaining': [ '7.23.4' ],
50 silly audit   '@babel/plugin-transform-parameters': [ '7.23.3' ],
50 silly audit   '@babel/plugin-transform-private-methods': [ '7.23.3' ],
50 silly audit   '@babel/plugin-transform-private-property-in-object': [ '7.23.4' ],
50 silly audit   '@babel/plugin-transform-property-literals': [ '7.23.3' ],
50 silly audit   '@babel/plugin-transform-react-display-name': [ '7.24.1' ],
50 silly audit   '@babel/plugin-transform-react-jsx': [ '7.23.4' ],
50 silly audit   '@babel/plugin-transform-react-jsx-development': [ '7.22.5' ],
50 silly audit   '@babel/plugin-transform-react-jsx-self': [ '7.23.3' ],
50 silly audit   '@babel/plugin-transform-react-jsx-source': [ '7.23.3' ],
50 silly audit   '@babel/plugin-transform-react-pure-annotations': [ '7.24.1' ],
50 silly audit   '@babel/plugin-transform-regenerator': [ '7.23.3' ],
50 silly audit   '@babel/plugin-transform-reserved-words': [ '7.23.3' ],
50 silly audit   '@babel/plugin-transform-runtime': [ '7.24.0' ],
50 silly audit   '@babel/plugin-transform-shorthand-properties': [ '7.23.3' ],
50 silly audit   '@babel/plugin-transform-spread': [ '7.23.3' ],
50 silly audit   '@babel/plugin-transform-sticky-regex': [ '7.23.3' ],
50 silly audit   '@babel/plugin-transform-template-literals': [ '7.23.3' ],
50 silly audit   '@babel/plugin-transform-typeof-symbol': [ '7.23.3' ],
50 silly audit   '@babel/plugin-transform-typescript': [ '7.23.6' ],
50 silly audit   '@babel/plugin-transform-unicode-escapes': [ '7.23.3' ],
50 silly audit   '@babel/plugin-transform-unicode-property-regex': [ '7.23.3' ],
50 silly audit   '@babel/plugin-transform-unicode-regex': [ '7.23.3' ],
50 silly audit   '@babel/plugin-transform-unicode-sets-regex': [ '7.23.3' ],
50 silly audit   '@babel/preset-env': [ '7.24.0' ],
50 silly audit   '@babel/preset-flow': [ '7.24.0' ],
50 silly audit   '@babel/preset-modules': [ '0.1.6-no-external-plugins' ],
50 silly audit   '@babel/preset-react': [ '7.24.1' ],
50 silly audit   '@babel/preset-typescript': [ '7.23.3' ],
50 silly audit   '@babel/register': [ '7.23.7' ],
50 silly audit   '@babel/regjsgen': [ '0.8.0' ],
50 silly audit   '@babel/runtime': [ '7.24.0' ],
50 silly audit   '@babel/template': [ '7.24.0' ],
50 silly audit   '@babel/traverse': [ '7.24.0' ],
50 silly audit   '@babel/types': [ '7.24.0' ],
50 silly audit   '@callstack/react-theme-provider': [ '3.0.9' ],
50 silly audit   deepmerge: [ '3.3.0', '4.3.1' ],
50 silly audit   '@expo/bunyan': [ '4.0.0' ],
50 silly audit   '@expo/cli': [ '0.17.10' ],
50 silly audit   'ansi-styles': [ '4.3.0', '3.2.1', '5.2.0', '6.2.1' ],
50 silly audit   chalk: [ '4.1.2', '2.4.2', '5.3.0' ],
50 silly audit   'color-convert': [ '2.0.1', '1.9.3' ],
50 silly audit   'color-name': [ '1.1.4', '1.1.3' ],
50 silly audit   'has-flag': [ '4.0.0', '3.0.0' ],
50 silly audit   'lru-cache': [ '6.0.0', '5.1.1', '10.2.0' ],
50 silly audit   semver: [ '7.6.0', '7.5.3', '7.3.2', '5.7.2', '6.3.1' ],
50 silly audit   'supports-color': [ '7.2.0', '8.1.1', '5.5.0', '9.4.0' ],
50 silly audit   yallist: [ '4.0.0', '3.1.1' ],
50 silly audit   '@expo/code-signing-certificates': [ '0.0.5' ],
50 silly audit   '@expo/config': [ '8.5.6' ],
50 silly audit   '@expo/config-plugins': [ '7.9.1' ],
50 silly audit   glob: [ '7.1.6', '7.2.3', '6.0.4', '10.3.12' ],
50 silly audit   '@expo/config-types': [ '50.0.1' ],
50 silly audit   '@expo/devcert': [ '1.1.0' ],
50 silly audit   debug: [ '3.2.7', '2.6.9', '4.3.4' ],
50 silly audit   '@expo/env': [ '0.2.3' ],
50 silly audit   '@expo/fingerprint': [ '0.6.1' ],
50 silly audit   '@expo/image-utils': [ '0.4.2' ],
50 silly audit   'crypto-random-string': [ '1.0.0', '2.0.0' ],
50 silly audit   'fs-extra': [ '9.0.0', '9.1.0', '8.1.0' ],
50 silly audit   jsonfile: [ '6.1.0', '4.0.0' ],
50 silly audit   universalify: [ '2.0.1', '1.0.0', '0.1.2' ],
50 silly audit   'temp-dir': [ '1.0.0', '2.0.0' ],
50 silly audit   tempy: [ '0.3.0', '0.7.1' ],
50 silly audit   'type-fest': [ '0.3.1', '0.7.1', '0.16.0', '0.21.3' ],
50 silly audit   'unique-string': [ '1.0.0', '2.0.0' ],
50 silly audit   '@expo/json-file': [ '8.3.0' ],
50 silly audit   '@expo/metro-config': [ '0.17.7' ],
50 silly audit   '@expo/spawn-async': [ '1.7.2', '1.5.0' ],
50 silly audit   'cross-spawn': [ '7.0.3', '6.0.5' ],
50 silly audit   'path-key': [ '3.1.1', '2.0.1' ],
50 silly audit   'shebang-command': [ '2.0.0', '1.2.0' ],
50 silly audit   'shebang-regex': [ '3.0.0', '1.0.0' ],
50 silly audit   which: [ '2.0.2', '1.3.1', '4.0.0' ],
50 silly audit   '@expo/osascript': [ '2.1.0' ],
50 silly audit   '@expo/package-manager': [ '1.4.2' ],
50 silly audit   'sudo-prompt': [ '9.1.1', '9.2.1', '8.2.5' ],
50 silly audit   '@expo/plist': [ '0.1.0' ],
50 silly audit   '@expo/prebuild-config': [ '6.8.1' ],
50 silly audit   '@expo/rudder-sdk-node': [ '1.1.1' ],
50 silly audit   '@expo/sdk-runtime-versions': [ '1.0.0' ],
50 silly audit   '@expo/vector-icons': [ '14.0.0' ],
50 silly audit   '@expo/xcpretty': [ '4.3.1' ],
50 silly audit   argparse: [ '2.0.1', '1.0.10' ],
50 silly audit   'js-yaml': [ '4.1.0', '3.14.1' ],
50 silly audit   '@gar/promisify': [ '1.1.3' ],
50 silly audit   '@graphql-typed-document-node/core': [ '3.2.0' ],
50 silly audit   '@hapi/hoek': [ '9.3.0' ],
50 silly audit   '@hapi/topo': [ '5.1.0' ],
50 silly audit   '@isaacs/ttlcache': [ '1.4.1' ],
50 silly audit   '@jest/create-cache-key-function': [ '29.7.0' ],
50 silly audit   '@jest/environment': [ '29.7.0' ],
50 silly audit   '@jest/fake-timers': [ '29.7.0' ],
50 silly audit   '@jest/schemas': [ '29.6.3' ],
50 silly audit   '@jest/types': [ '29.6.3', '26.6.2' ],
50 silly audit   '@jridgewell/gen-mapping': [ '0.3.5' ],
50 silly audit   '@jridgewell/resolve-uri': [ '3.1.2' ],
50 silly audit   '@jridgewell/set-array': [ '1.2.1' ],
50 silly audit   '@jridgewell/source-map': [ '0.3.6' ],
50 silly audit   '@jridgewell/sourcemap-codec': [ '1.4.15' ],
50 silly audit   '@jridgewell/trace-mapping': [ '0.3.25' ],
50 silly audit   '@nodelib/fs.scandir': [ '2.1.5' ],
50 silly audit   '@nodelib/fs.stat': [ '2.0.5' ],
50 silly audit   '@nodelib/fs.walk': [ '1.2.8' ],
50 silly audit   '@npmcli/fs': [ '1.1.1', '3.1.0' ],
50 silly audit   '@npmcli/move-file': [ '1.1.2' ],
50 silly audit   mkdirp: [ '1.0.4', '0.5.6' ],
50 silly audit   rimraf: [ '3.0.2', '2.4.5', '2.7.1', '2.6.3' ],
50 silly audit   '@react-native-async-storage/async-storage': [ '1.21.0' ],
50 silly audit   '@react-native-community/checkbox': [ '0.5.17' ],
50 silly audit   '@react-native-community/cli': [ '12.3.6' ],
50 silly audit   '@react-native-community/cli-clean': [ '12.3.6' ],
50 silly audit   execa: [ '5.1.1', '1.0.0' ],
50 silly audit   'get-stream': [ '6.0.1', '4.1.0' ],
50 silly audit   'is-stream': [ '2.0.1', '1.1.0' ],
50 silly audit   'mimic-fn': [ '2.1.0', '1.2.0' ],
50 silly audit   'npm-run-path': [ '4.0.1', '2.0.2' ],
50 silly audit   onetime: [ '5.1.2', '2.0.1' ],
50 silly audit   '@react-native-community/cli-config': [ '12.3.6' ],
50 silly audit   '@react-native-community/cli-debugger-ui': [ '12.3.6' ],
50 silly audit   '@react-native-community/cli-doctor': [ '12.3.6' ],
50 silly audit   'cli-cursor': [ '3.1.0', '2.1.0' ],
50 silly audit   'log-symbols': [ '4.1.0', '2.2.0' ],
50 silly audit   ora: [ '5.4.1', '3.4.0' ],
50 silly audit   'strip-ansi': [ '6.0.1', '5.2.0', '7.1.0' ],
50 silly audit   'restore-cursor': [ '3.1.0', '2.0.0' ],
50 silly audit   '@react-native-community/cli-hermes': [ '12.3.6' ],
50 silly audit   '@react-native-community/cli-platform-android': [ '12.3.6' ],
50 silly audit   '@react-native-community/cli-platform-ios': [ '12.3.6' ],
50 silly audit   '@react-native-community/cli-plugin-metro': [ '12.3.6' ],
50 silly audit   '@react-native-community/cli-server-api': [ '12.3.6' ],
50 silly audit   ws: [ '7.5.9', '6.2.2', '8.16.0' ],
50 silly audit   '@react-native-community/cli-tools': [ '12.3.6' ],
50 silly audit   'is-wsl': [ '1.1.0', '2.2.0' ],
50 silly audit   open: [ '6.4.0', '7.4.2', '8.4.2' ],
50 silly audit   '@react-native-community/cli-types': [ '12.3.6' ],
50 silly audit   commander: [ '9.5.0', '7.2.0', '4.1.1', '2.20.3' ],
50 silly audit   'find-up': [ '4.1.0', '5.0.0', '3.0.0' ],
50 silly audit   'locate-path': [ '5.0.0', '6.0.0', '3.0.0' ],
50 silly audit   'p-limit': [ '2.3.0', '3.1.0' ],
50 silly audit   'p-locate': [ '4.1.0', '5.0.0', '3.0.0' ],
50 silly audit   '@react-native-picker/picker': [ '2.7.5' ],
50 silly audit   '@react-native/assets-registry': [ '0.73.1' ],
50 silly audit   '@react-native/babel-plugin-codegen': [ '0.73.4' ],
50 silly audit   '@react-native/babel-preset': [ '0.73.21' ],
50 silly audit   '@react-native/codegen': [ '0.73.3' ],
50 silly audit   '@react-native/community-cli-plugin': [ '0.73.17' ],
50 silly audit   '@react-native/debugger-frontend': [ '0.73.3' ],
50 silly audit   '@react-native/dev-middleware': [ '0.73.8' ],
50 silly audit   ms: [ '2.0.0', '2.1.2', '2.1.3' ],
50 silly audit   '@react-native/gradle-plugin': [ '0.73.4' ],
50 silly audit   '@react-native/js-polyfills': [ '0.73.1' ],
50 silly audit   '@react-native/metro-babel-transformer': [ '0.73.15' ],
50 silly audit   '@react-native/normalize-color': [ '2.1.0' ],
50 silly audit   '@react-native/normalize-colors': [ '0.73.2' ],
50 silly audit   '@react-native/virtualized-lists': [ '0.73.4' ],
50 silly audit   '@react-navigation/bottom-tabs': [ '6.5.16' ],
50 silly audit   '@react-navigation/core': [ '6.4.16' ],
50 silly audit   'escape-string-regexp': [ '4.0.0', '1.0.5', '2.0.0' ],
50 silly audit   'react-is': [ '16.13.1', '18.2.0', '17.0.2' ],
50 silly audit   '@react-navigation/elements': [ '1.3.30' ],
50 silly audit   '@react-navigation/native': [ '6.1.17' ],
50 silly audit   '@react-navigation/native-stack': [ '6.9.26' ],
50 silly audit   '@react-navigation/routers': [ '6.1.9' ],
50 silly audit   '@react-navigation/stack': [ '6.3.29' ],
50 silly audit   '@segment/loosely-validate-event': [ '2.0.0' ],
50 silly audit   '@sideway/address': [ '4.1.5' ],
50 silly audit   '@sideway/formula': [ '3.0.1' ],
50 silly audit   '@sideway/pinpoint': [ '2.0.0' ],
50 silly audit   '@sinclair/typebox': [ '0.27.8' ],
50 silly audit   '@sinonjs/commons': [ '3.0.1' ],
50 silly audit   '@sinonjs/fake-timers': [ '10.3.0' ],
50 silly audit   '@svgr/babel-plugin-add-jsx-attribute': [ '8.0.0' ],
50 silly audit   '@svgr/babel-plugin-remove-jsx-attribute': [ '8.0.0' ],
50 silly audit   '@svgr/babel-plugin-remove-jsx-empty-expression': [ '8.0.0' ],
50 silly audit   '@svgr/babel-plugin-replace-jsx-attribute-value': [ '8.0.0' ],
50 silly audit   '@svgr/babel-plugin-svg-dynamic-title': [ '8.0.0' ],
50 silly audit   '@svgr/babel-plugin-svg-em-dimensions': [ '8.0.0' ],
50 silly audit   '@svgr/babel-plugin-transform-react-native-svg': [ '8.1.0' ],
50 silly audit   '@svgr/babel-plugin-transform-svg-component': [ '8.0.0' ],
50 silly audit   '@svgr/babel-preset': [ '8.1.0' ],
50 silly audit   '@svgr/core': [ '8.1.0' ],
50 silly audit   cosmiconfig: [ '8.3.6', '5.2.1' ],
50 silly audit   'import-fresh': [ '3.3.0', '2.0.0' ],
50 silly audit   'parse-json': [ '5.2.0', '4.0.0' ],
50 silly audit   'resolve-from': [ '4.0.0', '3.0.0', '5.0.0' ],
50 silly audit   '@svgr/hast-util-to-babel-ast': [ '8.0.0' ],
50 silly audit   '@svgr/plugin-jsx': [ '8.1.0' ],
50 silly audit   '@svgr/plugin-svgo': [ '8.1.0' ],
50 silly audit   '@trysound/sax': [ '0.2.0' ],
50 silly audit   '@types/istanbul-lib-coverage': [ '2.0.6' ],
50 silly audit   '@types/istanbul-lib-report': [ '3.0.3' ],
50 silly audit   '@types/istanbul-reports': [ '3.0.4' ],
50 silly audit   '@types/node': [ '20.11.24' ],
50 silly audit   '@types/prop-types': [ '15.7.12' ],
50 silly audit   '@types/react': [ '18.2.79' ],
50 silly audit   '@types/react-native-calendars': [ '1.1264.7' ],
50 silly audit   '@types/stack-utils': [ '2.0.3' ],
50 silly audit   '@types/xdate': [ '0.8.35' ],
50 silly audit   '@types/yargs': [ '17.0.32', '15.0.19' ],
50 silly audit   '@types/yargs-parser': [ '21.0.3' ],
50 silly audit   '@urql/core': [ '2.3.6' ],
50 silly audit   '@urql/exchange-retry': [ '0.3.0' ],
50 silly audit   '@xmldom/xmldom': [ '0.7.13', '0.8.10' ],
50 silly audit   'abort-controller': [ '3.0.0' ],
50 silly audit   accepts: [ '1.3.8' ],
50 silly audit   acorn: [ '8.11.3' ],
50 silly audit   'agent-base': [ '6.0.2', '7.1.1' ],
50 silly audit   'aggregate-error': [ '3.1.0' ],
50 silly audit   anser: [ '1.4.10' ],
50 silly audit   'ansi-escapes': [ '4.3.2' ],
50 silly audit   'ansi-fragments': [ '0.2.1' ],
50 silly audit   'ansi-regex': [ '5.0.1', '4.1.1', '6.0.1' ],
50 silly audit   'any-promise': [ '1.3.0' ],
50 silly audit   anymatch: [ '3.1.3' ],
50 silly audit   picomatch: [ '2.3.1', '3.0.1' ],
50 silly audit   appdirsjs: [ '1.2.7' ],
50 silly audit   'application-config-path': [ '0.1.1' ],
50 silly audit   arg: [ '5.0.2' ],
50 silly audit   'array-buffer-byte-length': [ '1.0.1' ],
50 silly audit   'array-union': [ '2.1.0' ],
50 silly audit   'arraybuffer.prototype.slice': [ '1.0.3' ],
50 silly audit   asap: [ '2.0.6' ],
50 silly audit   'ast-types': [ '0.15.2' ],
50 silly audit   'astral-regex': [ '1.0.0' ],
50 silly audit   'async-limiter': [ '1.0.1' ],
50 silly audit   asynckit: [ '0.4.0' ],
50 silly audit   'at-least-node': [ '1.0.0' ],
50 silly audit   'available-typed-arrays': [ '1.0.7' ],
50 silly audit   axios: [ '1.6.8' ],
50 silly audit   'form-data': [ '4.0.0', '3.0.1' ],
50 silly audit   'babel-core': [ '7.0.0-bridge.0' ],
50 silly audit   'babel-plugin-polyfill-corejs2': [ '0.4.8' ],
50 silly audit   'babel-plugin-polyfill-corejs3': [ '0.9.0' ],
50 silly audit   'babel-plugin-polyfill-regenerator': [ '0.5.5' ],
50 silly audit   'babel-plugin-react-native-web': [ '0.18.12' ],
50 silly audit   'babel-plugin-syntax-trailing-function-commas': [ '7.0.0-beta.0' ],
50 silly audit   'babel-plugin-transform-flow-enums': [ '0.0.2' ],
50 silly audit   'babel-preset-expo': [ '10.0.2' ],
50 silly audit   'babel-preset-fbjs': [ '3.4.0' ],
50 silly audit   'balanced-match': [ '1.0.2' ],
50 silly audit   'base64-js': [ '1.5.1' ],
50 silly audit   'better-opn': [ '3.0.2' ],
50 silly audit   'big-integer': [ '1.6.52' ],
50 silly audit   bl: [ '4.1.0' ],
50 silly audit   'readable-stream': [ '3.6.2', '2.3.8' ],
50 silly audit   'blueimp-md5': [ '2.19.0' ],
50 silly audit   boolbase: [ '1.0.0' ],
50 silly audit   'bplist-creator': [ '0.1.0' ],
50 silly audit   'bplist-parser': [ '0.3.2', '0.3.1' ],
50 silly audit   'brace-expansion': [ '1.1.11', '2.0.1' ],
50 silly audit   braces: [ '3.0.2' ],
50 silly audit   browserslist: [ '4.23.0' ],
50 silly audit   bser: [ '2.1.1' ],
50 silly audit   buffer: [ '5.7.1' ],
50 silly audit   'buffer-alloc': [ '1.2.0' ],
50 silly audit   'buffer-alloc-unsafe': [ '1.1.0' ],
50 silly audit   'buffer-fill': [ '1.0.0' ],
50 silly audit   'buffer-from': [ '1.1.2' ],
50 silly audit   builtins: [ '1.0.3', '5.1.0' ],
50 silly audit   bytes: [ '3.0.0' ],
50 silly audit   cacache: [ '15.3.0', '18.0.2' ],
50 silly audit   'call-bind': [ '1.0.7' ],
50 silly audit   'caller-callsite': [ '2.0.0' ],
50 silly audit   'caller-path': [ '2.0.0' ],
50 silly audit   callsites: [ '2.0.0', '3.1.0' ],
50 silly audit   camelcase: [ '6.3.0', '5.3.1' ],
50 silly audit   'caniuse-lite': [ '1.0.30001594' ],
50 silly audit   charenc: [ '0.0.2' ],
50 silly audit   chownr: [ '2.0.0' ],
50 silly audit   'chrome-launcher': [ '0.15.2' ],
50 silly audit   'chromium-edge-launcher': [ '1.0.0' ],
50 silly audit   'ci-info': [ '3.9.0', '2.0.0', '4.0.0' ],
50 silly audit   'clean-stack': [ '2.2.0' ],
50 silly audit   'cli-spinners': [ '2.9.2' ],
50 silly audit   cliui: [ '8.0.1', '6.0.0', '7.0.4' ],
50 silly audit   clone: [ '2.1.2', '1.0.4' ],
50 silly audit   'clone-deep': [ '4.0.1' ],
50 silly audit   color: [ '4.2.3', '3.2.1' ],
50 silly audit   'color-string': [ '1.9.1' ],
50 silly audit   colorette: [ '1.4.0' ],
50 silly audit   'combined-stream': [ '1.0.8' ],
50 silly audit   'command-exists': [ '1.2.9' ],
50 silly audit   commondir: [ '1.0.1' ],
50 silly audit   'component-type': [ '1.2.2' ],
50 silly audit   compressible: [ '2.0.18' ],
50 silly audit   compression: [ '1.7.4' ],
50 silly audit   'concat-map': [ '0.0.1' ],
50 silly audit   connect: [ '3.7.0' ],
50 silly audit   'convert-source-map': [ '2.0.0' ],
50 silly audit   'core-js-compat': [ '3.36.0' ],
50 silly audit   'core-util-is': [ '1.0.3' ],
50 silly audit   'cross-fetch': [ '3.1.8' ],
50 silly audit   crypt: [ '0.0.2' ],
50 silly audit   'css-select': [ '5.1.0' ],
50 silly audit   'css-tree': [ '1.1.3', '2.2.1', '2.3.1' ],
50 silly audit   'source-map': [ '0.6.1', '0.5.7', '0.7.4' ],
50 silly audit   'css-what': [ '6.1.0' ],
50 silly audit   csso: [ '5.0.5' ],
50 silly audit   'mdn-data': [ '2.0.28', '2.0.14', '2.0.30' ],
50 silly audit   csstype: [ '3.1.3' ],
50 silly audit   'dag-map': [ '1.0.2' ],
50 silly audit   'data-view-buffer': [ '1.0.1' ],
50 silly audit   'data-view-byte-length': [ '1.0.1' ],
50 silly audit   'data-view-byte-offset': [ '1.0.0' ],
50 silly audit   dayjs: [ '1.11.10' ],
50 silly audit   decamelize: [ '1.2.0' ],
50 silly audit   'decode-uri-component': [ '0.2.2' ],
50 silly audit   'deep-extend': [ '0.6.0' ],
50 silly audit   'default-gateway': [ '4.2.0' ],
50 silly audit   defaults: [ '1.0.4' ],
50 silly audit   'define-data-property': [ '1.1.4' ],
50 silly audit   'define-lazy-prop': [ '2.0.0' ],
50 silly audit   'define-properties': [ '1.2.1' ],
50 silly audit   del: [ '6.1.1' ],
50 silly audit   'delayed-stream': [ '1.0.0' ],
50 silly audit   denodeify: [ '1.2.1' ],
50 silly audit   depd: [ '2.0.0' ],
50 silly audit   'deprecated-react-native-prop-types': [ '5.0.0' ],
50 silly audit   destroy: [ '1.2.0' ],
50 silly audit   'detect-libc': [ '1.0.3' ],
50 silly audit   'dir-glob': [ '3.0.1' ],
50 silly audit   'dom-serializer': [ '2.0.0' ],
50 silly audit   domelementtype: [ '2.3.0' ],
50 silly audit   domhandler: [ '5.0.3' ],
50 silly audit   domutils: [ '3.1.0' ],
50 silly audit   'dot-case': [ '3.0.4' ],
50 silly audit   dotenv: [ '16.4.5' ],
50 silly audit   'dotenv-expand': [ '11.0.6' ],
50 silly audit   'ee-first': [ '1.1.1' ],
50 silly audit   'electron-to-chromium': [ '1.4.692' ],
50 silly audit   'emoji-regex': [ '8.0.0', '9.2.2' ],
50 silly audit   encodeurl: [ '1.0.2' ],
50 silly audit   'end-of-stream': [ '1.4.4' ],
50 silly audit   entities: [ '4.5.0' ],
50 silly audit   'env-editor': [ '0.4.2' ],
50 silly audit   envinfo: [ '7.12.0' ],
50 silly audit   eol: [ '0.9.1' ],
50 silly audit   'error-ex': [ '1.3.2' ],
50 silly audit   'error-stack-parser': [ '2.1.4' ],
50 silly audit   errorhandler: [ '1.5.1' ],
50 silly audit   'es-abstract': [ '1.23.3' ],
50 silly audit   'es-define-property': [ '1.0.0' ],
50 silly audit   'es-errors': [ '1.3.0' ],
50 silly audit   'es-object-atoms': [ '1.0.0' ],
50 silly audit   'es-set-tostringtag': [ '2.0.3' ],
50 silly audit   'es-to-primitive': [ '1.2.1' ],
50 silly audit   escalade: [ '3.1.2' ],
50 silly audit   'escape-html': [ '1.0.3' ],
50 silly audit   esprima: [ '4.0.1' ],
50 silly audit   esutils: [ '2.0.3' ],
50 silly audit   etag: [ '1.8.1' ],
50 silly audit   'event-target-shim': [ '5.0.1' ],
50 silly audit   'exec-async': [ '2.2.0' ],
50 silly audit   expo: [ '50.0.17' ],
50 silly audit   'expo-asset': [ '9.0.2' ],
50 silly audit   'expo-constants': [ '15.4.5' ],
50 silly audit   'expo-file-system': [ '16.0.9' ],
50 silly audit   'expo-font': [ '11.10.3' ],
50 silly audit   'expo-image-loader': [ '4.6.0' ],
50 silly audit   'expo-image-picker': [ '14.7.1' ],
50 silly audit   'expo-keep-awake': [ '12.8.2' ],
50 silly audit   'expo-modules-autolinking': [ '1.10.3' ],
50 silly audit   'expo-modules-core': [ '1.11.13' ],
50 silly audit   'expo-status-bar': [ '1.11.1' ],
50 silly audit   'fast-deep-equal': [ '3.1.3' ],
50 silly audit   'fast-glob': [ '3.3.2' ],
50 silly audit   'fast-xml-parser': [ '4.3.6' ],
50 silly audit   fastq: [ '1.17.1' ],
50 silly audit   'fb-watchman': [ '2.0.2' ],
50 silly audit   fbemitter: [ '3.0.0' ],
50 silly audit   fbjs: [ '3.0.5' ],
50 silly audit   'fbjs-css-vars': [ '1.0.2' ],
50 silly audit   'fetch-retry': [ '4.1.1' ],
50 silly audit   'fill-range': [ '7.0.1' ],
50 silly audit   'filter-obj': [ '1.1.0' ],
50 silly audit   finalhandler: [ '1.1.2' ],
50 silly audit   'find-cache-dir': [ '2.1.0' ],
50 silly audit   'find-yarn-workspace-root': [ '2.0.0' ],
50 silly audit   'flow-enums-runtime': [ '0.0.6' ],
50 silly audit   'flow-parser': [ '0.206.0' ],
50 silly audit   'follow-redirects': [ '1.15.6' ],
50 silly audit   fontfaceobserver: [ '2.3.0' ],
50 silly audit   'for-each': [ '0.3.3' ],
50 silly audit   'freeport-async': [ '2.0.0' ],
50 silly audit   fresh: [ '0.5.2' ],
50 silly audit   'fs-minipass': [ '2.1.0', '3.0.3' ],
50 silly audit   'fs.realpath': [ '1.0.0' ],
50 silly audit   fsevents: [ '2.3.3' ],
50 silly audit   'function-bind': [ '1.1.2' ],
50 silly audit   'function.prototype.name': [ '1.1.6' ],
50 silly audit   'functions-have-names': [ '1.2.3' ],
50 silly audit   gensync: [ '1.0.0-beta.2' ],
50 silly audit   'get-caller-file': [ '2.0.5' ],
50 silly audit   'get-intrinsic': [ '1.2.4' ],
50 silly audit   'get-port': [ '3.2.0' ],
50 silly audit   'get-symbol-description': [ '1.0.2' ],
50 silly audit   getenv: [ '1.0.0' ],
50 silly audit   'glob-parent': [ '5.1.2' ],
50 silly audit   globals: [ '11.12.0' ],
50 silly audit   globalthis: [ '1.0.3' ],
50 silly audit   globby: [ '11.1.0' ],
50 silly audit   gopd: [ '1.0.1' ],
50 silly audit   'graceful-fs': [ '4.2.11' ],
50 silly audit   graphql: [ '15.8.0' ],
50 silly audit   'graphql-tag': [ '2.12.6' ],
50 silly audit   'has-bigints': [ '1.0.2' ],
50 silly audit   'has-property-descriptors': [ '1.0.2' ],
50 silly audit   'has-proto': [ '1.0.3' ],
50 silly audit   'has-symbols': [ '1.0.3' ],
50 silly audit   'has-tostringtag': [ '1.0.2' ],
50 silly audit   hasown: [ '2.0.2' ],
50 silly audit   'hermes-estree': [ '0.15.0', '0.20.1' ],
50 silly audit   'hermes-parser': [ '0.15.0', '0.20.1' ],
50 silly audit   'hermes-profile-transformer': [ '0.0.6' ],
50 silly audit   'hoist-non-react-statics': [ '3.3.2' ],
50 silly audit   'hosted-git-info': [ '3.0.8', '7.0.1' ],
50 silly audit   'http-errors': [ '2.0.0' ],
50 silly audit   statuses: [ '2.0.1', '1.5.0' ],
50 silly audit   'https-proxy-agent': [ '5.0.1', '7.0.4' ],
50 silly audit   'human-signals': [ '2.1.0' ],
50 silly audit   ieee754: [ '1.2.1' ],
50 silly audit   ignore: [ '5.3.1' ],
50 silly audit   'image-size': [ '1.1.1' ],
50 silly audit   imurmurhash: [ '0.1.4' ],
50 silly audit   'indent-string': [ '4.0.0' ],
50 silly audit   'infer-owner': [ '1.0.4' ],
50 silly audit   inflight: [ '1.0.6' ],
50 silly audit   inherits: [ '2.0.4' ],
50 silly audit   ini: [ '1.3.8', '4.1.2' ],
50 silly audit   install: [ '0.13.0' ],
50 silly audit   'internal-ip': [ '4.3.0' ],
50 silly audit   'internal-slot': [ '1.0.7' ],
50 silly audit   invariant: [ '2.2.4' ],
50 silly audit   'ip-regex': [ '2.1.0', '5.0.0' ],
50 silly audit   'ipaddr.js': [ '1.9.1' ],
50 silly audit   'is-array-buffer': [ '3.0.4' ],
50 silly audit   'is-arrayish': [ '0.2.1', '0.3.2' ],
50 silly audit   'is-bigint': [ '1.0.4' ],
50 silly audit   'is-boolean-object': [ '1.1.2' ],
50 silly audit   'is-buffer': [ '1.1.6' ],
50 silly audit   'is-callable': [ '1.2.7' ],
50 silly audit   'is-core-module': [ '2.13.1' ],
50 silly audit   'is-data-view': [ '1.0.1' ],
50 silly audit   'is-date-object': [ '1.0.5' ],
50 silly audit   'is-directory': [ '0.3.1' ],
50 silly audit   'is-docker': [ '2.2.1' ],
50 silly audit   'is-extglob': [ '2.1.1', '1.0.0' ],
50 silly audit   'is-fullwidth-code-point': [ '2.0.0', '3.0.0' ],
50 silly audit   'is-glob': [ '4.0.3', '2.0.1' ],
50 silly audit   'is-interactive': [ '1.0.0' ],
50 silly audit   'is-invalid-path': [ '0.1.0' ],
50 silly audit   'is-negative-zero': [ '2.0.3' ],
50 silly audit   'is-number': [ '7.0.0' ],
50 silly audit   'is-number-object': [ '1.0.7' ],
50 silly audit   'is-path-cwd': [ '2.2.0' ],
50 silly audit   'is-path-inside': [ '3.0.3' ],
50 silly audit   'is-plain-obj': [ '2.1.0' ],
50 silly audit   'is-plain-object': [ '2.0.4' ],
50 silly audit   'is-regex': [ '1.1.4' ],
50 silly audit   'is-shared-array-buffer': [ '1.0.3' ],
50 silly audit   'is-string': [ '1.0.7' ],
50 silly audit   'is-symbol': [ '1.0.4' ],
50 silly audit   'is-typed-array': [ '1.1.13' ],
50 silly audit   'is-unicode-supported': [ '0.1.0' ],
50 silly audit   'is-valid-path': [ '0.1.1' ],
50 silly audit   'is-weakref': [ '1.0.2' ],
50 silly audit   isarray: [ '1.0.0', '2.0.5' ],
50 silly audit   isexe: [ '2.0.0', '3.1.1' ],
50 silly audit   isobject: [ '3.0.1' ],
50 silly audit   'jest-environment-node': [ '29.7.0' ],
50 silly audit   'jest-get-type': [ '29.6.3' ],
50 silly audit   'jest-message-util': [ '29.7.0' ],
50 silly audit   'pretty-format': [ '29.7.0', '26.6.2' ],
50 silly audit   'jest-mock': [ '29.7.0' ],
50 silly audit   'jest-util': [ '29.7.0' ],
50 silly audit   'jest-validate': [ '29.7.0' ],
50 silly audit   'jest-worker': [ '29.7.0' ],
50 silly audit   'jimp-compact': [ '0.16.1' ],
50 silly audit   joi: [ '17.12.3' ],
50 silly audit   'join-component': [ '1.1.0' ],
50 silly audit   'js-tokens': [ '4.0.0' ],
50 silly audit   'jsc-android': [ '250231.0.0' ],
50 silly audit   'jsc-safe-url': [ '0.2.4' ],
50 silly audit   jscodeshift: [ '0.14.0' ],
50 silly audit   jsesc: [ '2.5.2', '0.5.0' ],
50 silly audit   'json-parse-better-errors': [ '1.0.2' ],
50 silly audit   'json-parse-even-better-errors': [ '2.3.1', '3.0.1' ],
50 silly audit   'json-schema-deref-sync': [ '0.13.0' ],
50 silly audit   md5: [ '2.2.1', '2.3.0' ],
50 silly audit   json5: [ '2.2.3' ],
50 silly audit   'kind-of': [ '6.0.3' ],
50 silly audit   kleur: [ '3.0.3' ],
50 silly audit   leven: [ '3.1.0' ],
50 silly audit   'lighthouse-logger': [ '1.4.2' ],
50 silly audit   lightningcss: [ '1.19.0' ],
50 silly audit   'lightningcss-darwin-arm64': [ '1.19.0' ],
50 silly audit   'lightningcss-darwin-x64': [ '1.19.0' ],
50 silly audit   'lightningcss-linux-arm-gnueabihf': [ '1.19.0' ],
50 silly audit   'lightningcss-linux-arm64-gnu': [ '1.19.0' ],
50 silly audit   'lightningcss-linux-arm64-musl': [ '1.19.0' ],
50 silly audit   'lightningcss-linux-x64-gnu': [ '1.19.0' ],
50 silly audit   'lightningcss-linux-x64-musl': [ '1.19.0' ],
50 silly audit   'lightningcss-win32-x64-msvc': [ '1.19.0' ],
50 silly audit   'lines-and-columns': [ '1.2.4' ],
50 silly audit   lodash: [ '4.17.21' ],
50 silly audit   'lodash.debounce': [ '4.0.8' ],
50 silly audit   'lodash.throttle': [ '4.1.1' ],
50 silly audit   logkitty: [ '0.7.1' ],
50 silly audit   'wrap-ansi': [ '6.2.0', '7.0.0', '8.1.0' ],
50 silly audit   y18n: [ '4.0.3', '5.0.8' ],
50 silly audit   yargs: [ '15.4.1', '16.2.0', '17.7.2' ],
50 silly audit   'yargs-parser': [ '18.1.3', '20.2.9', '21.1.1' ],
50 silly audit   'loose-envify': [ '1.4.0' ],
50 silly audit   'lower-case': [ '2.0.2' ],
50 silly audit   'make-dir': [ '2.1.0' ],
50 silly audit   makeerror: [ '1.0.12' ],
50 silly audit   marky: [ '1.2.5' ],
50 silly audit   'md5-file': [ '3.2.3' ],
50 silly audit   md5hex: [ '1.0.0' ],
50 silly audit   'memoize-one': [ '5.2.1' ],
50 silly audit   'memory-cache': [ '0.2.0' ],
50 silly audit   'merge-options': [ '3.0.4' ],
50 silly audit   'merge-stream': [ '2.0.0' ],
50 silly audit   merge2: [ '1.4.1' ],
50 silly audit   metro: [ '0.80.8' ],
50 silly audit   'metro-babel-transformer': [ '0.80.8' ],
50 silly audit   'metro-cache': [ '0.80.8' ],
50 silly audit   'metro-cache-key': [ '0.80.8' ],
50 silly audit   'metro-config': [ '0.80.8' ],
50 silly audit   'metro-core': [ '0.80.8' ],
50 silly audit   'metro-file-map': [ '0.80.8' ],
50 silly audit   'metro-minify-terser': [ '0.80.8' ],
50 silly audit   'metro-resolver': [ '0.80.8' ],
50 silly audit   'metro-runtime': [ '0.80.8' ],
50 silly audit   'metro-source-map': [ '0.80.8' ],
50 silly audit   'metro-symbolicate': [ '0.80.8' ],
50 silly audit   'metro-transform-plugins': [ '0.80.8' ],
50 silly audit   'metro-transform-worker': [ '0.80.8' ],
50 silly audit   micromatch: [ '4.0.5' ],
50 silly audit   mime: [ '2.6.0', '1.6.0' ],
50 silly audit   'mime-db': [ '1.52.0' ],
50 silly audit   'mime-types': [ '2.1.35' ],
50 silly audit   minimatch: [ '3.1.2', '9.0.4' ],
50 silly audit   minimist: [ '1.2.8' ],
50 silly audit   minipass: [ '3.3.6', '5.0.0', '7.0.4' ],
50 silly audit   'minipass-collect': [ '1.0.2', '2.0.1' ],
50 silly audit   'minipass-flush': [ '1.0.5' ],
50 silly audit   'minipass-pipeline': [ '1.2.4' ],
50 silly audit   minizlib: [ '2.1.2' ],
50 silly audit   moment: [ '2.30.1' ],
50 silly audit   mv: [ '2.1.1' ],
50 silly audit   mz: [ '2.7.0' ],
50 silly audit   nanoid: [ '3.3.7' ],
50 silly audit   ncp: [ '2.0.0' ],
50 silly audit   negotiator: [ '0.6.3' ],
50 silly audit   'neo-async': [ '2.6.2' ],
50 silly audit   'nested-error-stacks': [ '2.0.1' ],
50 silly audit   'nice-try': [ '1.0.5' ],
50 silly audit   'no-case': [ '3.0.4' ],
50 silly audit   nocache: [ '3.0.4' ],
50 silly audit   'node-abort-controller': [ '3.1.1' ],
50 silly audit   'node-dir': [ '0.1.17' ],
50 silly audit   'node-fetch': [ '2.7.0' ],
50 silly audit   'node-forge': [ '1.3.1' ],
50 silly audit   'node-int64': [ '0.4.0' ],
50 silly audit   'node-releases': [ '2.0.14' ],
50 silly audit   'node-stream-zip': [ '1.15.0' ],
50 silly audit   'normalize-path': [ '3.0.0' ],
50 silly audit   npm: [ '10.5.2' ],
50 silly audit   'npm-package-arg': [ '7.0.0', '11.0.1' ],
50 silly audit   'string-width': [ '4.2.3', '5.1.2' ],
50 silly audit   'sprintf-js': [ '1.0.3', '1.1.3' ],
50 silly audit   'p-map': [ '4.0.0' ],
50 silly audit   'promise-inflight': [ '1.0.1' ],
50 silly audit   'qrcode-terminal': [ '0.11.0', '0.12.0' ],
50 silly audit   'set-blocking': [ '2.0.0' ],
50 silly audit   'signal-exit': [ '3.0.7', '4.1.0' ],
50 silly audit   'spdx-expression-parse': [ '3.0.1', '4.0.0' ],
50 silly audit   ssri: [ '8.0.1', '10.0.5' ],
50 silly audit   tar: [ '6.2.1' ],
50 silly audit   'text-table': [ '0.2.0' ],
50 silly audit   'unique-filename': [ '1.1.1', '3.0.0' ],
50 silly audit   'unique-slug': [ '2.0.2', '4.0.0' ],
50 silly audit   'util-deprecate': [ '1.0.2' ],
50 silly audit   'validate-npm-package-name': [ '3.0.0', '5.0.0' ],
50 silly audit   wcwidth: [ '1.0.1' ],
50 silly audit   'write-file-atomic': [ '2.4.3', '5.0.1' ],
50 silly audit   'nth-check': [ '2.1.1' ],
50 silly audit   nullthrows: [ '1.1.1' ],
50 silly audit   ob1: [ '0.80.8' ],
50 silly audit   'object-assign': [ '4.1.1' ],
50 silly audit   'object-inspect': [ '1.13.1' ],
50 silly audit   'object-keys': [ '1.1.1' ],
50 silly audit   'object.assign': [ '4.1.5' ],
50 silly audit   'on-finished': [ '2.3.0', '2.4.1' ],
50 silly audit   'on-headers': [ '1.0.2' ],
50 silly audit   once: [ '1.4.0' ],
50 silly audit   'os-homedir': [ '1.0.2' ],
50 silly audit   'os-tmpdir': [ '1.0.2' ],
50 silly audit   osenv: [ '0.1.5' ],
50 silly audit   'p-finally': [ '1.0.0' ],
50 silly audit   'p-try': [ '2.2.0' ],
50 silly audit   'parent-module': [ '1.0.1' ],
50 silly audit   'parse-png': [ '2.1.0' ],
50 silly audit   parseurl: [ '1.3.3' ],
50 silly audit   'password-prompt': [ '1.1.3' ],
50 silly audit   'path-dirname': [ '1.0.2' ],
50 silly audit   'path-exists': [ '4.0.0', '3.0.0' ],
50 silly audit   'path-is-absolute': [ '1.0.1' ],
50 silly audit   'path-parse': [ '1.0.7' ],
50 silly audit   'path-type': [ '4.0.0' ],
50 silly audit   picocolors: [ '1.0.0' ],
50 silly audit   pify: [ '4.0.1' ],
50 silly audit   pirates: [ '4.0.6' ],
50 silly audit   'pkg-dir': [ '3.0.0' ],
50 silly audit   plist: [ '3.1.0' ],
50 silly audit   xmlbuilder: [ '15.1.1', '11.0.1', '14.0.0' ],
50 silly audit   pngjs: [ '3.4.0' ],
50 silly audit   'possible-typed-array-names': [ '1.0.0' ],
50 silly audit   postcss: [ '8.4.38' ],
50 silly audit   'pretty-bytes': [ '5.6.0' ],
50 silly audit   'process-nextick-args': [ '2.0.1' ],
50 silly audit   progress: [ '2.0.3' ],
50 silly audit   promise: [ '7.3.1', '8.3.0' ],
50 silly audit   prompts: [ '2.4.2' ],
50 silly audit   'prop-types': [ '15.8.1' ],
50 silly audit   'proxy-from-env': [ '1.1.0' ],
50 silly audit   pump: [ '3.0.0' ],
50 silly audit   punycode: [ '2.3.1' ],
50 silly audit   'query-string': [ '7.1.3' ],
50 silly audit   queue: [ '6.0.2' ],
50 silly audit   'queue-microtask': [ '1.2.3' ],
50 silly audit   'radio-buttons-react-native': [ '1.0.4' ],
50 silly audit   'range-parser': [ '1.2.1' ],
50 silly audit   rc: [ '1.2.8' ],
50 silly audit   react: [ '18.2.0' ],
50 silly audit   'react-devtools-core': [ '4.28.5' ],
50 silly audit   'react-freeze': [ '1.0.4' ],
50 silly audit   'react-hook-form': [ '7.51.3' ],
50 silly audit   'react-native': [ '0.73.6' ],
50 silly audit   'react-native-animatable': [ '1.4.0' ],
50 silly audit   'react-native-calendars': [ '1.1304.1' ],
50 silly audit   'react-native-paper': [ '5.12.3' ],
50 silly audit   'react-native-progress': [ '5.0.1' ],
50 silly audit   'react-native-radio-buttons-group': [ '3.1.0' ],
50 silly audit   'react-native-safe-area-context': [ '4.8.2' ],
50 silly audit   'react-native-screens': [ '3.29.0' ],
50 silly audit   'react-native-simple-radio-button': [ '2.7.4' ],
50 silly audit   'react-native-svg': [ '14.1.0' ],
50 silly audit   'react-native-svg-transformer': [ '1.3.0' ],
50 silly audit   'react-native-swipe-gestures': [ '1.0.5' ],
50 silly audit   'react-native-textarea': [ '1.0.4' ],
50 silly audit   'react-native-vector-icons': [ '10.0.3' ],
50 silly audit   'regenerator-runtime': [ '0.13.11', '0.14.1' ],
50 silly audit   'react-refresh': [ '0.14.0' ],
50 silly audit   'react-shallow-renderer': [ '16.15.0' ],
50 silly audit   readline: [ '1.3.0' ],
50 silly audit   recast: [ '0.21.5' ],
50 silly audit   recyclerlistview: [ '4.2.0' ],
50 silly audit   regenerate: [ '1.4.2' ],
50 silly audit   'regenerate-unicode-properties': [ '10.1.1' ],
50 silly audit   'regenerator-transform': [ '0.15.2' ],
50 silly audit   'regexp.prototype.flags': [ '1.5.2' ],
50 silly audit   'regexpu-core': [ '5.3.2' ],
50 silly audit   regjsparser: [ '0.9.1' ],
50 silly audit   'remove-trailing-slash': [ '0.1.1' ],
50 silly audit   'require-directory': [ '2.1.1' ],
50 silly audit   'require-from-string': [ '2.0.2' ],
50 silly audit   'require-main-filename': [ '2.0.0' ],
50 silly audit   requireg: [ '0.2.2' ],
50 silly audit   resolve: [ '1.7.1', '1.22.8' ],
50 silly audit   'resolve.exports': [ '2.0.2' ],
50 silly audit   reusify: [ '1.0.4' ],
50 silly audit   'run-parallel': [ '1.2.0' ],
50 silly audit   'safe-array-concat': [ '1.1.2' ],
50 silly audit   'safe-buffer': [ '5.1.2' ],
50 silly audit   'safe-json-stringify': [ '1.2.0' ],
50 silly audit   'safe-regex-test': [ '1.0.3' ],
50 silly audit   sax: [ '1.3.0' ],
50 silly audit   scheduler: [ '0.24.0-canary-efb381bbf-20230505' ],
50 silly audit   send: [ '0.18.0' ],
50 silly audit   'serialize-error': [ '2.1.0' ],
50 silly audit   'serve-static': [ '1.15.0' ],
50 silly audit   'set-function-length': [ '1.2.2' ],
50 silly audit   'set-function-name': [ '2.0.2' ],
50 silly audit   setimmediate: [ '1.0.5' ],
50 silly audit   setprototypeof: [ '1.2.0' ],
50 silly audit   'shallow-clone': [ '3.0.1' ],
50 silly audit   'shell-quote': [ '1.8.1' ],
50 silly audit   'side-channel': [ '1.0.6' ],
50 silly audit   'simple-plist': [ '1.3.1' ],
50 silly audit   'simple-swizzle': [ '0.2.2' ],
50 silly audit   sisteransi: [ '1.0.5' ],
50 silly audit   slash: [ '3.0.0' ],
50 silly audit   'slice-ansi': [ '2.1.0' ],
50 silly audit   slugify: [ '1.6.6' ],
50 silly audit   'snake-case': [ '3.0.4' ],
50 silly audit   'source-map-js': [ '1.2.0' ],
50 silly audit   'source-map-support': [ '0.5.21' ],
50 silly audit   split: [ '1.0.1' ],
50 silly audit   'split-on-first': [ '1.1.0' ],
50 silly audit   'stack-utils': [ '2.0.6' ],
50 silly audit   stackframe: [ '1.3.4' ],
50 silly audit   'stacktrace-parser': [ '0.1.10' ],
50 silly audit   'stream-buffers': [ '2.2.0' ],
50 silly audit   'strict-uri-encode': [ '2.0.0' ],
50 silly audit   string_decoder: [ '1.1.1' ],
50 silly audit   'string.prototype.trim': [ '1.2.9' ],
50 silly audit   'string.prototype.trimend': [ '1.0.8' ],
50 silly audit   'string.prototype.trimstart': [ '1.0.8' ],
50 silly audit   'strip-eof': [ '1.0.0' ],
50 silly audit   'strip-final-newline': [ '2.0.0' ],
50 silly audit   'strip-json-comments': [ '2.0.1' ],
50 silly audit   strnum: [ '1.0.5' ],
50 silly audit   'structured-headers': [ '0.4.1' ],
50 silly audit   sucrase: [ '3.34.0' ],
50 silly audit   'supports-hyperlinks': [ '2.3.0' ],
50 silly audit   'supports-preserve-symlinks-flag': [ '1.0.0' ],
50 silly audit   'svg-parser': [ '2.0.4' ],
50 silly audit   svgo: [ '3.2.0' ],
50 silly audit   temp: [ '0.8.4' ],
50 silly audit   'terminal-link': [ '2.1.1' ],
50 silly audit   terser: [ '5.30.3' ],
50 silly audit   thenify: [ '3.3.1' ],
50 silly audit   'thenify-all': [ '1.6.0' ],
50 silly audit   throat: [ '5.0.0' ],
50 silly audit   through: [ '2.3.8' ],
50 silly audit   through2: [ '2.0.5' ],
50 silly audit   tmp: [ '0.0.33' ],
50 silly audit   tmpl: [ '1.0.5' ],
50 silly audit   'to-fast-properties': [ '2.0.0' ],
50 silly audit   'to-regex-range': [ '5.0.1' ],
50 silly audit   toidentifier: [ '1.0.1' ],
50 silly audit   tr46: [ '0.0.3' ],
50 silly audit   traverse: [ '0.6.9' ],
50 silly audit   'ts-interface-checker': [ '0.1.13' ],
50 silly audit   'ts-object-utils': [ '0.0.5' ],
50 silly audit   tslib: [ '2.6.2' ],
50 silly audit   'type-detect': [ '4.0.8' ],
50 silly audit   'typed-array-buffer': [ '1.0.2' ],
50 silly audit   'typed-array-byte-length': [ '1.0.1' ],
50 silly audit   'typed-array-byte-offset': [ '1.0.2' ],
50 silly audit   'typed-array-length': [ '1.0.6' ],
50 silly audit   'typedarray.prototype.slice': [ '1.0.3' ],
50 silly audit   typescript: [ '5.4.5' ],
50 silly audit   'ua-parser-js': [ '1.0.37' ],
50 silly audit   'unbox-primitive': [ '1.0.2' ],
50 silly audit   'undici-types': [ '5.26.5' ],
50 silly audit   'unicode-canonical-property-names-ecmascript': [ '2.0.0' ],
50 silly audit   'unicode-match-property-ecmascript': [ '2.0.0' ],
50 silly audit   'unicode-match-property-value-ecmascript': [ '2.1.0' ],
50 silly audit   'unicode-property-aliases-ecmascript': [ '2.1.0' ],
50 silly audit   unpipe: [ '1.0.0' ],
50 silly audit   'update-browserslist-db': [ '1.0.13' ],
50 silly audit   'url-join': [ '4.0.0' ],
50 silly audit   'use-latest-callback': [ '0.1.9' ],
50 silly audit   'utils-merge': [ '1.0.1' ],
50 silly audit   uuid: [ '8.3.2', '7.0.3' ],
50 silly audit   'valid-url': [ '1.0.9' ],
50 silly audit   vary: [ '1.1.2' ],
50 silly audit   vlq: [ '1.0.1' ],
50 silly audit   walker: [ '1.0.8' ],
50 silly audit   'warn-once': [ '0.1.1' ],
50 silly audit   'webidl-conversions': [ '3.0.1', '5.0.0' ],
50 silly audit   'whatwg-fetch': [ '3.6.20' ],
50 silly audit   'whatwg-url': [ '5.0.0' ],
50 silly audit   'whatwg-url-without-unicode': [ '8.0.0-3' ],
50 silly audit   'which-boxed-primitive': [ '1.0.2' ],
50 silly audit   'which-module': [ '2.0.1' ],
50 silly audit   'which-typed-array': [ '1.1.15' ],
50 silly audit   wonka: [ '4.0.15' ],
50 silly audit   wrappy: [ '1.0.2' ],
50 silly audit   xcode: [ '3.0.1' ],
50 silly audit   xdate: [ '0.8.2' ],
50 silly audit   xml2js: [ '0.6.0' ],
50 silly audit   xtend: [ '4.0.2' ],
50 silly audit   yaml: [ '2.4.1' ],
50 silly audit   'yocto-queue': [ '0.1.0' ],
50 silly audit   abbrev: [ '2.0.0' ],
50 silly audit   aproba: [ '2.0.0' ],
50 silly audit   archy: [ '1.0.0' ],
50 silly audit   'are-we-there-yet': [ '4.0.2' ],
50 silly audit   'binary-extensions': [ '2.3.0' ],
50 silly audit   'bin-links': [ '4.0.3' ],
50 silly audit   'cidr-regex': [ '4.0.5' ],
50 silly audit   'cli-columns': [ '4.0.0' ],
50 silly audit   'cli-table3': [ '0.6.4' ],
50 silly audit   'cmd-shim': [ '6.0.2' ],
50 silly audit   'color-support': [ '1.1.3' ],
50 silly audit   'common-ancestor-path': [ '1.0.1' ],
50 silly audit   columnify: [ '1.6.0' ],
50 silly audit   'console-control-strings': [ '1.1.0' ],
50 silly audit   cssesc: [ '3.0.0' ],
50 silly audit   diff: [ '5.2.0' ],
50 silly audit   eastasianwidth: [ '0.2.0' ],
50 silly audit   encoding: [ '0.1.13' ],
50 silly audit   'env-paths': [ '2.2.1' ],
50 silly audit   'exponential-backoff': [ '3.1.1' ],
50 silly audit   'err-code': [ '2.0.3' ],
50 silly audit   'foreground-child': [ '3.1.1' ],
50 silly audit   'fastest-levenshtein': [ '1.0.16' ],
50 silly audit   gauge: [ '5.0.1' ],
50 silly audit   'has-unicode': [ '2.0.1' ],
50 silly audit   'http-proxy-agent': [ '7.0.2' ],
50 silly audit   'iconv-lite': [ '0.6.3' ],
50 silly audit   'http-cache-semantics': [ '4.1.1' ],
50 silly audit   'ignore-walk': [ '6.0.4' ],
50 silly audit   'ip-address': [ '9.0.5' ],
50 silly audit   'init-package-json': [ '6.0.2' ],
50 silly audit   'is-cidr': [ '5.0.5' ],
50 silly audit   'is-lambda': [ '1.0.1' ],
50 silly audit   jackspeak: [ '2.3.6' ],
50 silly audit   jsbn: [ '1.1.0' ],
50 silly audit   'json-stringify-nice': [ '1.1.4' ],
50 silly audit   jsonparse: [ '1.3.1' ],
50 silly audit   'just-diff': [ '6.0.2' ],
50 silly audit   'just-diff-apply': [ '5.5.0' ],
50 silly audit   libnpmexec: [ '7.0.10' ],
50 silly audit   libnpmdiff: [ '6.0.9' ],
50 silly audit   libnpmfund: [ '5.0.7' ],
50 silly audit   libnpmhook: [ '10.0.2' ],
50 silly audit   libnpmaccess: [ '8.0.3' ],
50 silly audit   libnpmorg: [ '6.0.3' ],
50 silly audit   libnpmpack: [ '6.0.9' ],
50 silly audit   libnpmpublish: [ '9.0.5' ],
50 silly audit   libnpmsearch: [ '7.0.2' ],
50 silly audit   libnpmteam: [ '6.0.2' ],
50 silly audit   libnpmversion: [ '5.0.2' ],
50 silly audit   'make-fetch-happen': [ '13.0.0' ],
50 silly audit   'minipass-fetch': [ '3.0.4' ],
50 silly audit   'minipass-json-stream': [ '1.0.1' ],
50 silly audit   'minipass-sized': [ '1.0.3' ],
50 silly audit   'mute-stream': [ '1.0.0' ],
50 silly audit   'node-gyp': [ '10.1.0' ],
50 silly audit   nopt: [ '7.2.0' ],
50 silly audit   'normalize-package-data': [ '6.0.0' ],
50 silly audit   'npm-audit-report': [ '5.0.0' ],
50 silly audit   'npm-bundled': [ '3.0.0' ],
50 silly audit   'npm-install-checks': [ '6.3.0' ],
50 silly audit   'npm-normalize-package-bin': [ '3.0.1' ],
50 silly audit   'npm-packlist': [ '8.0.2' ],
50 silly audit   'npm-pick-manifest': [ '9.0.0' ],
50 silly audit   'npm-profile': [ '9.0.0' ],
50 silly audit   'npm-registry-fetch': [ '16.2.0' ],
50 silly audit   'npm-user-validate': [ '2.0.0' ],
50 silly audit   pacote: [ '17.0.6' ],
50 silly audit   npmlog: [ '7.0.1' ],
50 silly audit   'parse-conflict-json': [ '3.0.1' ],
50 silly audit   'path-scurry': [ '1.10.2' ],
50 silly audit   'postcss-selector-parser': [ '6.0.16' ],
50 silly audit   'promise-all-reject-late': [ '1.0.1' ],
50 silly audit   'proc-log': [ '3.0.0' ],
50 silly audit   'promise-call-limit': [ '3.0.1' ],
50 silly audit   'promise-retry': [ '2.0.1' ],
50 silly audit   promzard: [ '1.0.1' ],
50 silly audit   'read-cmd-shim': [ '4.0.0' ],
50 silly audit   read: [ '3.0.1' ],
50 silly audit   'read-package-json': [ '7.0.0' ],
50 silly audit   'read-package-json-fast': [ '3.0.2' ],
50 silly audit   retry: [ '0.12.0' ],
50 silly audit   sigstore: [ '2.3.0' ],
50 silly audit   'smart-buffer': [ '4.2.0' ],
50 silly audit   socks: [ '2.8.3' ],
50 silly audit   'safer-buffer': [ '2.1.2' ],
50 silly audit   'socks-proxy-agent': [ '8.0.3' ],
50 silly audit   'spdx-correct': [ '3.2.0' ],
50 silly audit   'spdx-exceptions': [ '2.5.0' ],
50 silly audit   'spdx-license-ids': [ '3.0.17' ],
50 silly audit   'tiny-relative-date': [ '1.3.0' ],
50 silly audit   'tuf-js': [ '2.2.0' ],
50 silly audit   treeverse: [ '3.0.0' ],
50 silly audit   'validate-npm-package-license': [ '3.0.4' ],
50 silly audit   'walk-up-path': [ '3.0.1' ],
50 silly audit   'wide-align': [ '1.1.5' ],
50 silly audit   '@colors/colors': [ '1.5.0' ],
50 silly audit   '@isaacs/cliui': [ '8.0.2' ],
50 silly audit   '@isaacs/string-locale-compare': [ '1.1.0' ],
50 silly audit   '@npmcli/agent': [ '2.2.2' ],
50 silly audit   '@npmcli/config': [ '8.2.2' ],
50 silly audit   '@npmcli/arborist': [ '7.4.2' ],
50 silly audit   '@npmcli/disparity-colors': [ '3.0.0' ],
50 silly audit   '@npmcli/git': [ '5.0.5' ],
50 silly audit   '@npmcli/installed-package-contents': [ '2.0.2' ],
50 silly audit   '@npmcli/map-workspaces': [ '3.0.6' ],
50 silly audit   '@npmcli/metavuln-calculator': [ '7.0.0' ],
50 silly audit   '@npmcli/name-from-folder': [ '2.0.0' ],
50 silly audit   '@npmcli/promise-spawn': [ '7.0.1' ],
50 silly audit   '@npmcli/node-gyp': [ '3.0.0' ],
50 silly audit   '@npmcli/package-json': [ '5.0.2' ],
50 silly audit   '@npmcli/redact': [ '1.1.0' ],
50 silly audit   '@npmcli/query': [ '3.1.0' ],
50 silly audit   '@npmcli/run-script': [ '7.0.4' ],
50 silly audit   '@sigstore/bundle': [ '2.3.1' ],
50 silly audit   '@sigstore/sign': [ '2.3.0' ],
50 silly audit   '@sigstore/core': [ '1.1.0' ],
50 silly audit   '@sigstore/protobuf-specs': [ '0.3.1' ],
50 silly audit   '@sigstore/verify': [ '1.2.0' ],
50 silly audit   '@tufjs/canonical-json': [ '2.0.0' ],
50 silly audit   '@sigstore/tuf': [ '2.3.2' ],
50 silly audit   '@tufjs/models': [ '2.0.0' ],
50 silly audit   '@pkgjs/parseargs': [ '0.11.0' ]
50 silly audit }
51 verbose reify failed optional dependency C:\BabySitterApp - Copy\node_modules\lightningcss-linux-x64-musl
52 silly reify mark deleted [
52 silly reify   'C:\\BabySitterApp - Copy\\node_modules\\lightningcss-linux-x64-musl'
52 silly reify ]
53 verbose reify failed optional dependency C:\BabySitterApp - Copy\node_modules\lightningcss-linux-x64-gnu
54 silly reify mark deleted [
54 silly reify   'C:\\BabySitterApp - Copy\\node_modules\\lightningcss-linux-x64-gnu'
54 silly reify ]
55 verbose reify failed optional dependency C:\BabySitterApp - Copy\node_modules\lightningcss-linux-arm64-musl
56 silly reify mark deleted [
56 silly reify   'C:\\BabySitterApp - Copy\\node_modules\\lightningcss-linux-arm64-musl'
56 silly reify ]
57 verbose reify failed optional dependency C:\BabySitterApp - Copy\node_modules\lightningcss-linux-arm64-gnu
58 silly reify mark deleted [
58 silly reify   'C:\\BabySitterApp - Copy\\node_modules\\lightningcss-linux-arm64-gnu'
58 silly reify ]
59 verbose reify failed optional dependency C:\BabySitterApp - Copy\node_modules\lightningcss-linux-arm-gnueabihf
60 silly reify mark deleted [
60 silly reify   'C:\\BabySitterApp - Copy\\node_modules\\lightningcss-linux-arm-gnueabihf'
60 silly reify ]
61 verbose reify failed optional dependency C:\BabySitterApp - Copy\node_modules\lightningcss-darwin-x64
62 silly reify mark deleted [ 'C:\\BabySitterApp - Copy\\node_modules\\lightningcss-darwin-x64' ]
63 verbose reify failed optional dependency C:\BabySitterApp - Copy\node_modules\lightningcss-darwin-arm64
64 silly reify mark deleted [ 'C:\\BabySitterApp - Copy\\node_modules\\lightningcss-darwin-arm64' ]
65 verbose reify failed optional dependency C:\BabySitterApp - Copy\node_modules\fsevents
66 silly reify mark deleted [ 'C:\\BabySitterApp - Copy\\node_modules\\fsevents' ]
67 timing reifyNode:node_modules/lightningcss-linux-x64-musl Completed in 6ms
68 timing reifyNode:node_modules/lightningcss-linux-x64-gnu Completed in 5ms
69 timing reifyNode:node_modules/lightningcss-linux-arm64-musl Completed in 5ms
70 timing reifyNode:node_modules/lightningcss-linux-arm64-gnu Completed in 5ms
71 timing reifyNode:node_modules/lightningcss-linux-arm-gnueabihf Completed in 5ms
72 timing reifyNode:node_modules/lightningcss-darwin-x64 Completed in 5ms
73 timing reifyNode:node_modules/lightningcss-darwin-arm64 Completed in 5ms
74 timing reifyNode:node_modules/fsevents Completed in 4ms
75 timing reify:unpack Completed in 6ms
76 timing reify:unretire Completed in 0ms
77 timing build:queue Completed in 2ms
78 timing build:deps Completed in 2ms
79 timing build Completed in 2ms
80 timing reify:build Completed in 3ms
81 timing reify:trash Completed in 142ms
82 http fetch GET 200 https://registry.npmjs.org/npm 1853ms
83 timing reify:save Completed in 463ms
84 http fetch POST 200 https://registry.npmjs.org/-/npm/v1/security/advisories/bulk 1202ms
85 timing auditReport:getReport Completed in 1210ms
86 silly audit report {
86 silly audit report   semver: [
86 silly audit report     {
86 silly audit report       id: 1096482,
86 silly audit report       url: 'https://github.com/advisories/GHSA-c2qf-rxjj-qqgw',
86 silly audit report       title: 'semver vulnerable to Regular Expression Denial of Service',
86 silly audit report       severity: 'moderate',
86 silly audit report       vulnerable_versions: '>=7.0.0 <7.5.2',
86 silly audit report       cwe: [Array],
86 silly audit report       cvss: [Object]
86 silly audit report     }
86 silly audit report   ]
86 silly audit report }
87 timing metavuln:cache:get:security-advisory:semver:g1vJG11wXBTamuqcp6anLd2yC0AnCjlhaLFglyJx4rEfKLK+YF116HpQw1CsB0bwCPUkxcSemSBkmLIdEXe6xw== Completed in 2ms
88 http fetch GET 200 https://registry.npmjs.org/semver 139ms (cache miss)
89 timing metavuln:packument:semver Completed in 140ms
90 timing metavuln:load:security-advisory:semver:1096482 Completed in 2ms
91 timing metavuln:cache:put:security-advisory:semver:g1vJG11wXBTamuqcp6anLd2yC0AnCjlhaLFglyJx4rEfKLK+YF116HpQw1CsB0bwCPUkxcSemSBkmLIdEXe6xw== Completed in 6ms
92 timing metavuln:calculate:security-advisory:semver:1096482 Completed in 149ms
93 timing metavuln:cache:get:security-advisory:@expo/image-utils:eoVUQcxGyt4DnmIDOkeJMJFW7OIuBBbbWlc6nhbYUGebvYuMcDCvaXhWkptG8Bp0Yf+sCMLBvFION1yoxeILSw== Completed in 1ms
94 http fetch GET 200 https://registry.npmjs.org/@expo%2fimage-utils 229ms (cache miss)
95 timing metavuln:packument:@expo/image-utils Completed in 230ms
96 timing metavuln:load:security-advisory:@expo/image-utils:g1vJG11wXBTamuqcp6anLd2yC0AnCjlhaLFglyJx4rEfKLK+YF116HpQw1CsB0bwCPUkxcSemSBkmLIdEXe6xw== Completed in 5ms
97 timing metavuln:cache:put:security-advisory:@expo/image-utils:eoVUQcxGyt4DnmIDOkeJMJFW7OIuBBbbWlc6nhbYUGebvYuMcDCvaXhWkptG8Bp0Yf+sCMLBvFION1yoxeILSw== Completed in 4ms
98 timing metavuln:calculate:security-advisory:@expo/image-utils:g1vJG11wXBTamuqcp6anLd2yC0AnCjlhaLFglyJx4rEfKLK+YF116HpQw1CsB0bwCPUkxcSemSBkmLIdEXe6xw== Completed in 241ms
99 timing metavuln:cache:get:security-advisory:@expo/cli:GOYM+dyl9qlACgf83PxsYh0af+fG8C2OcFOv8uiWKsKm6e3/MmNtG38XmZWwEd6IGJr03u7c0ULrITp6+tiJbQ== Completed in 1ms
100 timing metavuln:cache:get:security-advisory:@expo/prebuild-config:nokJl6KKW0rH4U6jZNZ5R4dXvDzGIYeHAVqP0do0qV2CSgqH36g/NMsU2BhlJF7EeHoTemct/W5VGg3twwIb0A== Completed in 1ms
101 http fetch GET 200 https://registry.npmjs.org/@expo%2fcli 188ms (cache miss)
102 timing metavuln:packument:@expo/cli Completed in 191ms
103 timing metavuln:load:security-advisory:@expo/cli:eoVUQcxGyt4DnmIDOkeJMJFW7OIuBBbbWlc6nhbYUGebvYuMcDCvaXhWkptG8Bp0Yf+sCMLBvFION1yoxeILSw== Completed in 10ms
104 timing metavuln:cache:put:security-advisory:@expo/cli:GOYM+dyl9qlACgf83PxsYh0af+fG8C2OcFOv8uiWKsKm6e3/MmNtG38XmZWwEd6IGJr03u7c0ULrITp6+tiJbQ== Completed in 6ms
105 timing metavuln:calculate:security-advisory:@expo/cli:eoVUQcxGyt4DnmIDOkeJMJFW7OIuBBbbWlc6nhbYUGebvYuMcDCvaXhWkptG8Bp0Yf+sCMLBvFION1yoxeILSw== Completed in 207ms
106 http fetch GET 200 https://registry.npmjs.org/@expo%2fprebuild-config 885ms (cache miss)
107 timing metavuln:packument:@expo/prebuild-config Completed in 887ms
108 timing metavuln:load:security-advisory:@expo/prebuild-config:eoVUQcxGyt4DnmIDOkeJMJFW7OIuBBbbWlc6nhbYUGebvYuMcDCvaXhWkptG8Bp0Yf+sCMLBvFION1yoxeILSw== Completed in 4ms
109 timing metavuln:cache:put:security-advisory:@expo/prebuild-config:nokJl6KKW0rH4U6jZNZ5R4dXvDzGIYeHAVqP0do0qV2CSgqH36g/NMsU2BhlJF7EeHoTemct/W5VGg3twwIb0A== Completed in 4ms
110 timing metavuln:calculate:security-advisory:@expo/prebuild-config:eoVUQcxGyt4DnmIDOkeJMJFW7OIuBBbbWlc6nhbYUGebvYuMcDCvaXhWkptG8Bp0Yf+sCMLBvFION1yoxeILSw== Completed in 896ms
111 timing metavuln:cache:get:security-advisory:expo:XyMYlpiX9ddbGiDa2CiWC4LokQsKHrt9OvF9GwpKE5PrUheQX7k8Kx/LzOowrIalhwtkPeF7EtbAFSJ92FQJYQ== Completed in 1ms
112 http fetch GET 200 https://registry.npmjs.org/expo 381ms (cache miss)
113 timing metavuln:packument:expo Completed in 388ms
114 timing metavuln:load:security-advisory:expo:GOYM+dyl9qlACgf83PxsYh0af+fG8C2OcFOv8uiWKsKm6e3/MmNtG38XmZWwEd6IGJr03u7c0ULrITp6+tiJbQ== Completed in 31ms
115 timing metavuln:cache:put:security-advisory:expo:XyMYlpiX9ddbGiDa2CiWC4LokQsKHrt9OvF9GwpKE5PrUheQX7k8Kx/LzOowrIalhwtkPeF7EtbAFSJ92FQJYQ== Completed in 6ms
116 timing metavuln:calculate:security-advisory:expo:GOYM+dyl9qlACgf83PxsYh0af+fG8C2OcFOv8uiWKsKm6e3/MmNtG38XmZWwEd6IGJr03u7c0ULrITp6+tiJbQ== Completed in 425ms
117 timing metavuln:cache:get:security-advisory:@expo/cli:ufNIFwwnUA1JjbaI3A+blXreI8v2r5UxNeZOfJfKRWmpycxryjev7zkVHZ4X1/2vPRU2uqJRazfOe6/xDqkBkw== Completed in 0ms
118 timing metavuln:load:security-advisory:@expo/cli:nokJl6KKW0rH4U6jZNZ5R4dXvDzGIYeHAVqP0do0qV2CSgqH36g/NMsU2BhlJF7EeHoTemct/W5VGg3twwIb0A== Completed in 9ms
119 timing metavuln:cache:put:security-advisory:@expo/cli:ufNIFwwnUA1JjbaI3A+blXreI8v2r5UxNeZOfJfKRWmpycxryjev7zkVHZ4X1/2vPRU2uqJRazfOe6/xDqkBkw== Completed in 4ms
120 timing metavuln:calculate:security-advisory:@expo/cli:nokJl6KKW0rH4U6jZNZ5R4dXvDzGIYeHAVqP0do0qV2CSgqH36g/NMsU2BhlJF7EeHoTemct/W5VGg3twwIb0A== Completed in 14ms
121 timing auditReport:init Completed in 1750ms
122 timing reify:audit Completed in 2962ms
123 timing reify Completed in 4215ms
124 silly ADD
125 silly ADD
126 silly ADD
127 silly ADD
128 silly ADD
129 silly ADD
130 silly ADD
131 silly ADD
132 silly REMOVE node_modules/@types/hammerjs
133 silly REMOVE node_modules/@egjs/hammerjs
134 silly REMOVE node_modules/react-native-gesture-handler
135 timing command:install Completed in 4242ms
136 verbose exit 0
137 timing npm Completed in 4912ms
138 info ok
